app/build/intermediates/manifest_merge_blame_file/debug/manifest-merger-blame-debug-report.txt
1<?xml version="1.0" encoding="utf-8"?>
2<!--
3  ~ Copyright 2020 The Android Open Source Project
4  ~
5  ~ Licensed under the Apache License, Version 2.0 (the "License");
6  ~ you may not use this file except in compliance with the License.
7  ~ You may obtain a copy of the License at
8  ~
9  ~     https://www.apache.org/licenses/LICENSE-2.0
10  ~
11  ~ Unless required by applicable law or agreed to in writing, software
12  ~ distributed under the License is distributed on an "AS IS" BASIS,
13  ~ WITHOUT WARRANTIES OR CONDITIONS OF ANY KIND, either express or implied.
14  ~ See the License for the specific language governing permissions and
15  ~ limitations under the License.
16-->
17<manifest xmlns:android="http://schemas.android.com/apk/res/android"
18    package="com.android.example.camera2.basic"
19    android:versionCode="1"
20    android:versionName="1.0.0" >
21
22    <uses-sdk
23        android:minSdkVersion="21"
23-->src\main\AndroidManifest.xml
24        android:targetSdkVersion="29" />
24-->src\main\AndroidManifest.xml
25
26    <!-- Permission declarations -->
27    <uses-permission android:name="android.permission.CAMERA" />
27-->src\main\AndroidManifest.xml:21:5-65
27-->src\main\AndroidManifest.xml:21:22-62
28    <uses-permission android:name="android.permission.ACCESS_MEDIA_LOCATION" />
28-->src\main\AndroidManifest.xml:22:5-80
28-->src\main\AndroidManifest.xml:22:22-77
29    <uses-permission android:name="android.permission.WRITE_EXTERNAL_STORAGE" />
29-->src\main\AndroidManifest.xml:23:5-24:40
29-->src\main\AndroidManifest.xml:23:22-78
30
31    <!-- A camera with (optional) RAW capability is required to use this application -->
32    <uses-feature android:name="android.hardware.camera.any" />
32-->src\main\AndroidManifest.xml:27:5-64
32-->src\main\AndroidManifest.xml:27:19-61
33    <uses-feature
33-->src\main\AndroidManifest.xml:28:5-89
34        android:name="android.hardware.camera.raw"
34-->src\main\AndroidManifest.xml:28:19-61
35        android:required="false" />
35-->src\main\AndroidManifest.xml:28:62-86
36
37    <application
37-->src\main\AndroidManifest.xml:30:5-49:19
38        android:allowBackup="true"
38-->src\main\AndroidManifest.xml:31:9-35
39        android:appComponentFactory="androidx.core.app.CoreComponentFactory"
39-->[androidx.core:core:1.2.0] AndroidManifest.xml:24:18-86
40        android:debuggable="true"
41        android:fullBackupContent="true"
41-->src\main\AndroidManifest.xml:32:9-41
42        android:icon="@drawable/ic_launcher"
42-->src\main\AndroidManifest.xml:34:9-45
43        android:label="@string/app_name"
43-->src\main\AndroidManifest.xml:33:9-41
44        android:testOnly="true" >
45        <activity
45-->src\main\AndroidManifest.xml:37:9-48:20
46            android:name="com.example.android.camera2.basic.CameraActivity"
46-->src\main\AndroidManifest.xml:38:13-76
47            android:clearTaskOnLaunch="true"
47-->src\main\AndroidManifest.xml:39:13-45
48            android:theme="@style/AppTheme" >
48-->src\main\AndroidManifest.xml:40:13-44
49
50            <!-- Main app intent filter -->
51            <intent-filter>
51-->src\main\AndroidManifest.xml:43:13-46:29
52                <action android:name="android.intent.action.MAIN" />
52-->src\main\AndroidManifest.xml:44:17-69
52-->src\main\AndroidManifest.xml:44:25-66
53
54                <category android:name="android.intent.category.LAUNCHER" />
54-->src\main\AndroidManifest.xml:45:17-77
54-->src\main\AndroidManifest.xml:45:27-74
55            </intent-filter>
56        </activity>
57    </application>
58
59</manifest>